<?xml version="1.0" encoding="UTF-8"?>
<!-- Generated by org.testng.reporters.JUnitXMLReporter -->
<testsuite ignored="0" hostname="DESKTOP-L5OTFUG" failures="7" tests="12" name="Surefire test" time="348.991" errors="0" timestamp="2023-02-10T11:02:39 IST">
  <testcase classname="com.telemedicine.pageTest.PatientAppointmentPageTest" name="@BeforeMethod setUp" time="31.177">
    <failure type="org.openqa.selenium.TimeoutException" message="Expected condition failed: waiting for element to be clickable: Proxy element for: DefaultElementLocator &amp;apos;By.xpath: //span[text()=&amp;quot; Patient Appoinment&amp;quot;]&amp;apos; (tried for 10 second(s) with 500 milliseconds interval)">
      <![CDATA[org.openqa.selenium.TimeoutException: Expected condition failed: waiting for element to be clickable: Proxy element for: DefaultElementLocator 'By.xpath: //span[text()=" Patient Appoinment"]' (tried for 10 second(s) with 500 milliseconds interval)
at org.openqa.selenium.support.ui.WebDriverWait.timeoutException(WebDriverWait.java:87)
at org.openqa.selenium.support.ui.FluentWait.until(FluentWait.java:231)
at com.telemedicine.page.Dashboard.clickOnPatientAppointment(Dashboard.java:40)
at com.telemedicine.pageTest.PatientAppointmentPageTest.setUp(PatientAppointmentPageTest.java:37)
at java.base/java.util.ArrayList.forEach(ArrayList.java:1541)
Caused by: org.openqa.selenium.NoSuchElementException: no such element: Unable to locate element: {"method":"xpath","selector":"//span[text()=" Patient Appoinment"]"}
  (Session info: chrome=110.0.5481.78)
For documentation on this error, please visit: https://selenium.dev/exceptions/#no_such_element
Build info: version: '4.5.0', revision: 'fe167b119a'
System info: os.name: 'Windows 10', os.arch: 'amd64', os.version: '10.0', java.version: '11.0.17'
Driver info: org.openqa.selenium.chrome.ChromeDriver
Command: [d799a1aed421def9b33f0ed31d862947, findElement {using=xpath, value=//span[text()=" Patient Appoinment"]}]
Capabilities {acceptInsecureCerts: false, browserName: chrome, browserVersion: 110.0.5481.78, chrome: {chromedriverVersion: 110.0.5481.77 (65ed616c6e8e..., userDataDir: C:\Users\VGSL-S~1\AppData\L...}, goog:chromeOptions: {debuggerAddress: localhost:50531}, networkConnectionEnabled: false, pageLoadStrategy: normal, platformName: WINDOWS, proxy: Proxy(), se:cdp: ws://localhost:50531/devtoo..., se:cdpVersion: 110.0.5481.78, setWindowRect: true, strictFileInteractability: false, timeouts: {implicit: 0, pageLoad: 300000, script: 30000}, unhandledPromptBehavior: dismiss and notify, webauthn:extension:credBlob: true, webauthn:extension:largeBlob: true, webauthn:virtualAuthenticators: true}
Session ID: d799a1aed421def9b33f0ed31d862947
at org.openqa.selenium.remote.codec.w3c.W3CHttpResponseCodec.createException(W3CHttpResponseCodec.java:200)
at org.openqa.selenium.remote.codec.w3c.W3CHttpResponseCodec.decode(W3CHttpResponseCodec.java:133)
at org.openqa.selenium.remote.codec.w3c.W3CHttpResponseCodec.decode(W3CHttpResponseCodec.java:53)
at org.openqa.selenium.remote.HttpCommandExecutor.execute(HttpCommandExecutor.java:184)
at org.openqa.selenium.remote.service.DriverCommandExecutor.invokeExecute(DriverCommandExecutor.java:167)
at org.openqa.selenium.remote.service.DriverCommandExecutor.execute(DriverCommandExecutor.java:142)
at org.openqa.selenium.remote.RemoteWebDriver.execute(RemoteWebDriver.java:547)
at org.openqa.selenium.remote.ElementLocation$ElementFinder$2.findElement(ElementLocation.java:162)
at org.openqa.selenium.remote.ElementLocation.findElement(ElementLocation.java:60)
at org.openqa.selenium.remote.RemoteWebDriver.findElement(RemoteWebDriver.java:365)
at org.openqa.selenium.remote.RemoteWebDriver.findElement(RemoteWebDriver.java:357)
at org.openqa.selenium.support.pagefactory.DefaultElementLocator.findElement(DefaultElementLocator.java:70)
at org.openqa.selenium.support.pagefactory.internal.LocatingElementHandler.invoke(LocatingElementHandler.java:39)
at com.sun.proxy.$Proxy17.isDisplayed(Unknown Source)
at org.openqa.selenium.support.ui.ExpectedConditions.elementIfVisible(ExpectedConditions.java:307)
at org.openqa.selenium.support.ui.ExpectedConditions.access$000(ExpectedConditions.java:40)
at org.openqa.selenium.support.ui.ExpectedConditions$10.apply(ExpectedConditions.java:293)
at org.openqa.selenium.support.ui.ExpectedConditions$10.apply(ExpectedConditions.java:290)
at org.openqa.selenium.support.ui.ExpectedConditions$23.apply(ExpectedConditions.java:660)
at org.openqa.selenium.support.ui.ExpectedConditions$23.apply(ExpectedConditions.java:656)
at org.openqa.selenium.support.ui.FluentWait.until(FluentWait.java:208)
... 39 more
... Removed 40 stack frames]]>
    </failure>
  </testcase> <!-- @BeforeMethod setUp -->
  <testcase classname="com.telemedicine.pageTest.PatientAppointmentPageTest" name="@AfterMethod tearDown" time="0.0">
    <skipped/>
  </testcase> <!-- @AfterMethod tearDown -->
  <testcase classname="com.telemedicine.pageTest.PatientProfilePageTest" name="@BeforeMethod setUp" time="24.77">
    <failure type="org.openqa.selenium.TimeoutException" message="timeout: Timed out receiving message from renderer: 9.782
  (Session info: chrome=110.0.5481.78)
Build info: version: &amp;apos;4.5.0&amp;apos;, revision: &amp;apos;fe167b119a&amp;apos;
System info: os.name: &amp;apos;Windows 10&amp;apos;, os.arch: &amp;apos;amd64&amp;apos;, os.version: &amp;apos;10.0&amp;apos;, java.version: &amp;apos;11.0.17&amp;apos;
Driver info: org.openqa.selenium.chrome.ChromeDriver
Command: [fef7ca5bc9e6abb25c0b34fc7900b7bb, get {url=http://test.telemedicine.esdinfra.com/}]
Capabilities {acceptInsecureCerts: false, browserName: chrome, browserVersion: 110.0.5481.78, chrome: {chromedriverVersion: 110.0.5481.77 (65ed616c6e8e..., userDataDir: C:\Users\VGSL-S~1\AppData\L...}, goog:chromeOptions: {debuggerAddress: localhost:50607}, networkConnectionEnabled: false, pageLoadStrategy: normal, platformName: WINDOWS, proxy: Proxy(), se:cdp: ws://localhost:50607/devtoo..., se:cdpVersion: 110.0.5481.78, setWindowRect: true, strictFileInteractability: false, timeouts: {implicit: 0, pageLoad: 300000, script: 30000}, unhandledPromptBehavior: dismiss and notify, webauthn:extension:credBlob: true, webauthn:extension:largeBlob: true, webauthn:virtualAuthenticators: true}
Session ID: fef7ca5bc9e6abb25c0b34fc7900b7bb">
      <![CDATA[org.openqa.selenium.TimeoutException: timeout: Timed out receiving message from renderer: 9.782
  (Session info: chrome=110.0.5481.78)
Build info: version: '4.5.0', revision: 'fe167b119a'
System info: os.name: 'Windows 10', os.arch: 'amd64', os.version: '10.0', java.version: '11.0.17'
Driver info: org.openqa.selenium.chrome.ChromeDriver
Command: [fef7ca5bc9e6abb25c0b34fc7900b7bb, get {url=http://test.telemedicine.esdinfra.com/}]
Capabilities {acceptInsecureCerts: false, browserName: chrome, browserVersion: 110.0.5481.78, chrome: {chromedriverVersion: 110.0.5481.77 (65ed616c6e8e..., userDataDir: C:\Users\VGSL-S~1\AppData\L...}, goog:chromeOptions: {debuggerAddress: localhost:50607}, networkConnectionEnabled: false, pageLoadStrategy: normal, platformName: WINDOWS, proxy: Proxy(), se:cdp: ws://localhost:50607/devtoo..., se:cdpVersion: 110.0.5481.78, setWindowRect: true, strictFileInteractability: false, timeouts: {implicit: 0, pageLoad: 300000, script: 30000}, unhandledPromptBehavior: dismiss and notify, webauthn:extension:credBlob: true, webauthn:extension:largeBlob: true, webauthn:virtualAuthenticators: true}
Session ID: fef7ca5bc9e6abb25c0b34fc7900b7bb
at org.openqa.selenium.remote.codec.w3c.W3CHttpResponseCodec.createException(W3CHttpResponseCodec.java:200)
at org.openqa.selenium.remote.codec.w3c.W3CHttpResponseCodec.decode(W3CHttpResponseCodec.java:133)
at org.openqa.selenium.remote.codec.w3c.W3CHttpResponseCodec.decode(W3CHttpResponseCodec.java:53)
at org.openqa.selenium.remote.HttpCommandExecutor.execute(HttpCommandExecutor.java:184)
at org.openqa.selenium.remote.service.DriverCommandExecutor.invokeExecute(DriverCommandExecutor.java:167)
at org.openqa.selenium.remote.service.DriverCommandExecutor.execute(DriverCommandExecutor.java:142)
at org.openqa.selenium.remote.RemoteWebDriver.execute(RemoteWebDriver.java:547)
at org.openqa.selenium.remote.RemoteWebDriver.get(RemoteWebDriver.java:310)
at com.telemedicine.base.Base.launchBrowser(Base.java:49)
at com.telemedicine.pageTest.PatientProfilePageTest.setUp(PatientProfilePageTest.java:37)
at java.base/java.util.ArrayList.forEach(ArrayList.java:1541)
... Removed 40 stack frames]]>
    </failure>
  </testcase> <!-- @BeforeMethod setUp -->
  <testcase classname="com.telemedicine.pageTest.PatientProfilePageTest" name="@AfterMethod tearDown" time="0.0">
    <skipped/>
  </testcase> <!-- @AfterMethod tearDown -->
  <testcase classname="com.telemedicine.pageTest.PreviousRecordTest" name="@BeforeMethod setUp" time="49.13">
    <failure type="org.openqa.selenium.TimeoutException" message="Expected condition failed: waiting for element to be clickable: Proxy element for: DefaultElementLocator &amp;apos;By.xpath: //span[text()=&amp;quot; Previous Record&amp;quot;]&amp;apos; (tried for 10 second(s) with 500 milliseconds interval)">
      <![CDATA[org.openqa.selenium.TimeoutException: Expected condition failed: waiting for element to be clickable: Proxy element for: DefaultElementLocator 'By.xpath: //span[text()=" Previous Record"]' (tried for 10 second(s) with 500 milliseconds interval)
at org.openqa.selenium.support.ui.WebDriverWait.timeoutException(WebDriverWait.java:87)
at org.openqa.selenium.support.ui.FluentWait.until(FluentWait.java:231)
at com.telemedicine.page.Dashboard.click_on_previous_record(Dashboard.java:48)
at com.telemedicine.pageTest.PreviousRecordTest.setUp(PreviousRecordTest.java:44)
at java.base/java.util.ArrayList.forEach(ArrayList.java:1541)
Caused by: org.openqa.selenium.NoSuchElementException: no such element: Unable to locate element: {"method":"xpath","selector":"//span[text()=" Previous Record"]"}
  (Session info: chrome=110.0.5481.78)
For documentation on this error, please visit: https://selenium.dev/exceptions/#no_such_element
Build info: version: '4.5.0', revision: 'fe167b119a'
System info: os.name: 'Windows 10', os.arch: 'amd64', os.version: '10.0', java.version: '11.0.17'
Driver info: org.openqa.selenium.chrome.ChromeDriver
Command: [d1f3627cd9c97f8fe9fac1fe71c874e3, findElement {using=xpath, value=//span[text()=" Previous Record"]}]
Capabilities {acceptInsecureCerts: false, browserName: chrome, browserVersion: 110.0.5481.78, chrome: {chromedriverVersion: 110.0.5481.77 (65ed616c6e8e..., userDataDir: C:\Users\VGSL-S~1\AppData\L...}, goog:chromeOptions: {debuggerAddress: localhost:50661}, networkConnectionEnabled: false, pageLoadStrategy: normal, platformName: WINDOWS, proxy: Proxy(), se:cdp: ws://localhost:50661/devtoo..., se:cdpVersion: 110.0.5481.78, setWindowRect: true, strictFileInteractability: false, timeouts: {implicit: 0, pageLoad: 300000, script: 30000}, unhandledPromptBehavior: dismiss and notify, webauthn:extension:credBlob: true, webauthn:extension:largeBlob: true, webauthn:virtualAuthenticators: true}
Session ID: d1f3627cd9c97f8fe9fac1fe71c874e3
at org.openqa.selenium.remote.codec.w3c.W3CHttpResponseCodec.createException(W3CHttpResponseCodec.java:200)
at org.openqa.selenium.remote.codec.w3c.W3CHttpResponseCodec.decode(W3CHttpResponseCodec.java:133)
at org.openqa.selenium.remote.codec.w3c.W3CHttpResponseCodec.decode(W3CHttpResponseCodec.java:53)
at org.openqa.selenium.remote.HttpCommandExecutor.execute(HttpCommandExecutor.java:184)
at org.openqa.selenium.remote.service.DriverCommandExecutor.invokeExecute(DriverCommandExecutor.java:167)
at org.openqa.selenium.remote.service.DriverCommandExecutor.execute(DriverCommandExecutor.java:142)
at org.openqa.selenium.remote.RemoteWebDriver.execute(RemoteWebDriver.java:547)
at org.openqa.selenium.remote.ElementLocation$ElementFinder$2.findElement(ElementLocation.java:162)
at org.openqa.selenium.remote.ElementLocation.findElement(ElementLocation.java:60)
at org.openqa.selenium.remote.RemoteWebDriver.findElement(RemoteWebDriver.java:365)
at org.openqa.selenium.remote.RemoteWebDriver.findElement(RemoteWebDriver.java:357)
at org.openqa.selenium.support.pagefactory.DefaultElementLocator.findElement(DefaultElementLocator.java:70)
at org.openqa.selenium.support.pagefactory.internal.LocatingElementHandler.invoke(LocatingElementHandler.java:39)
at com.sun.proxy.$Proxy17.isDisplayed(Unknown Source)
at org.openqa.selenium.support.ui.ExpectedConditions.elementIfVisible(ExpectedConditions.java:307)
at org.openqa.selenium.support.ui.ExpectedConditions.access$000(ExpectedConditions.java:40)
at org.openqa.selenium.support.ui.ExpectedConditions$10.apply(ExpectedConditions.java:293)
at org.openqa.selenium.support.ui.ExpectedConditions$10.apply(ExpectedConditions.java:290)
at org.openqa.selenium.support.ui.ExpectedConditions$23.apply(ExpectedConditions.java:660)
at org.openqa.selenium.support.ui.ExpectedConditions$23.apply(ExpectedConditions.java:656)
at org.openqa.selenium.support.ui.FluentWait.until(FluentWait.java:208)
... 39 more
... Removed 40 stack frames]]>
    </failure>
  </testcase> <!-- @BeforeMethod setUp -->
  <testcase classname="com.telemedicine.pageTest.PreviousRecordTest" name="@AfterMethod tearDown" time="0.0">
    <skipped/>
  </testcase> <!-- @AfterMethod tearDown -->
  <testcase classname="com.telemedicine.pageTest.DashboardPageTest" name="clickOnPatientPF" time="26.657"/>
  <testcase classname="com.telemedicine.pageTest.IndexPageTest" name="clickOnpatientTest" time="2.924"/>
  <testcase classname="com.telemedicine.pageTest.LoginPageTest" name="loginTest" time="6.105">
    <failure type="java.lang.AssertionError" message="expected [http://192.168.1.252:8042/#/base/dashboard] but found [http://telemedicineportal.esdinfra.com/#/auth/login]">
      <![CDATA[java.lang.AssertionError: expected [http://192.168.1.252:8042/#/base/dashboard] but found [http://telemedicineportal.esdinfra.com/#/auth/login]
at com.telemedicine.pageTest.LoginPageTest.loginTest(LoginPageTest.java:45)
at java.base/java.util.ArrayList.forEach(ArrayList.java:1541)
... Removed 38 stack frames]]>
    </failure>
  </testcase> <!-- loginTest -->
  <testcase classname="com.telemedicine.pageTest.LoginPageTest" name="loginTest" time="6.035">
    <failure type="java.lang.AssertionError" message="expected [http://192.168.1.252:8042/#/base/dashboard] but found [http://telemedicineportal.esdinfra.com/#/auth/login]">
      <![CDATA[java.lang.AssertionError: expected [http://192.168.1.252:8042/#/base/dashboard] but found [http://telemedicineportal.esdinfra.com/#/auth/login]
at com.telemedicine.pageTest.LoginPageTest.loginTest(LoginPageTest.java:45)
at java.base/java.util.ArrayList.forEach(ArrayList.java:1541)
... Removed 38 stack frames]]>
    </failure>
  </testcase> <!-- loginTest -->
  <testcase classname="com.telemedicine.pageTest.LoginPageTest" name="loginTest" time="5.992">
    <failure type="java.lang.AssertionError" message="expected [http://192.168.1.252:8042/#/base/dashboard] but found [http://telemedicineportal.esdinfra.com/#/auth/login]">
      <![CDATA[java.lang.AssertionError: expected [http://192.168.1.252:8042/#/base/dashboard] but found [http://telemedicineportal.esdinfra.com/#/auth/login]
at com.telemedicine.pageTest.LoginPageTest.loginTest(LoginPageTest.java:45)
at java.base/java.util.ArrayList.forEach(ArrayList.java:1541)
... Removed 38 stack frames]]>
    </failure>
  </testcase> <!-- loginTest -->
  <testcase classname="com.telemedicine.pageTest.LoginPageTest" name="loginTest" time="6.107">
    <failure type="java.lang.AssertionError" message="expected [http://192.168.1.252:8042/#/base/dashboard] but found [http://telemedicineportal.esdinfra.com/#/auth/login]">
      <![CDATA[java.lang.AssertionError: expected [http://192.168.1.252:8042/#/base/dashboard] but found [http://telemedicineportal.esdinfra.com/#/auth/login]
at com.telemedicine.pageTest.LoginPageTest.loginTest(LoginPageTest.java:45)
at java.base/java.util.ArrayList.forEach(ArrayList.java:1541)
... Removed 38 stack frames]]>
    </failure>
  </testcase> <!-- loginTest -->
  <testcase classname="com.telemedicine.pageTest.PatientAppointmentPageTest" name="fix_Appointment_Test" time="0.0">
    <skipped/>
  </testcase> <!-- fix_Appointment_Test -->
  <testcase classname="com.telemedicine.pageTest.PatientProfilePageTest" name="createPatientProfile" time="0.002">
    <skipped/>
  </testcase> <!-- createPatientProfile -->
  <testcase classname="com.telemedicine.pageTest.PreviousRecordTest" name="add_Record_Test" time="0.0">
    <skipped/>
  </testcase> <!-- add_Record_Test -->
  <testcase classname="com.telemedicine.pageTest.RegisterPageTest" name="TitleTest" time="5.954">
    <failure type="java.lang.AssertionError" message="expected [TeleMed] but found [Telemed]">
      <![CDATA[java.lang.AssertionError: expected [TeleMed] but found [Telemed]
at com.telemedicine.pageTest.RegisterPageTest.TitleTest(RegisterPageTest.java:47)
at java.base/java.util.ArrayList.forEach(ArrayList.java:1541)
... Removed 38 stack frames]]>
    </failure>
  </testcase> <!-- TitleTest -->
  <testcase classname="com.telemedicine.pageTest.RegisterPageTest" name="RegisterTest" time="11.524">
    <failure type="java.lang.AssertionError" message="expected [http://192.168.1.252:8042/#/auth/login] but found [http://telemedicineportal.esdinfra.com/#/auth/register]">
      <![CDATA[java.lang.AssertionError: expected [http://192.168.1.252:8042/#/auth/login] but found [http://telemedicineportal.esdinfra.com/#/auth/register]
at com.telemedicine.pageTest.RegisterPageTest.RegisterTest(RegisterPageTest.java:64)
at java.base/java.util.ArrayList.forEach(ArrayList.java:1541)
... Removed 38 stack frames]]>
    </failure>
  </testcase> <!-- RegisterTest -->
  <testcase classname="com.telemedicine.pageTest.RegisterPageTest" name="RegisterTest" time="9.151">
    <failure type="java.lang.AssertionError" message="expected [http://192.168.1.252:8042/#/auth/login] but found [http://telemedicineportal.esdinfra.com/#/auth/register]">
      <![CDATA[java.lang.AssertionError: expected [http://192.168.1.252:8042/#/auth/login] but found [http://telemedicineportal.esdinfra.com/#/auth/register]
at com.telemedicine.pageTest.RegisterPageTest.RegisterTest(RegisterPageTest.java:64)
at java.base/java.util.ArrayList.forEach(ArrayList.java:1541)
... Removed 38 stack frames]]>
    </failure>
  </testcase> <!-- RegisterTest -->
</testsuite> <!-- Surefire test -->
